<?xml version="1.0" encoding="UTF-8"?>
<!-- Generated by org.testng.reporters.JUnitReportReporter -->
<testsuite hostname="LPCD-HWNP4B3" failures="0" tests="1" name="tests.SelenideGooleTest" time="6.427" errors="0" timestamp="2024-07-18T16:23:40 IST" skipped="0">
  <testcase classname="tests.SelenideGooleTest" name="testGoogleSearch" time="6.427"/>
</testsuite> <!-- tests.SelenideGooleTest -->
